TN:
SF:/Users/admin/Code/geovistory/client/projects/lib-queries/src/test.ts
FNF:0
FNH:0
DA:14,1
DA:19,1
DA:21,1
LF:3
LH:3
BRF:0
BRH:0
end_of_record
TN:
SF:/Users/admin/Code/geovistory/client/projects/lib-queries/src/__tests__/helpers/set-app-state.ts
FN:4,setAppState
FNF:1
FNH:1
FNDA:10,setAppState
DA:5,10
LF:1
LH:1
BRF:0
BRH:0
end_of_record
TN:
SF:/Users/admin/Code/geovistory/client/projects/lib-queries/src/__tests__/helpers/data/IAppStateMock.ts
FN:5,(anonymous_0)
FNF:1
FNH:1
FNDA:1,(anonymous_0)
DA:5,1
DA:6,1
DA:9,1
DA:14,1
LF:4
LH:4
BRDA:5,0,0,1
BRDA:5,0,1,1
BRF:2
BRH:2
end_of_record
TN:
SF:/Users/admin/Code/geovistory/client/projects/lib-queries/src/__tests__/helpers/data/ProjectDetailMock.ts
FN:5,(anonymous_0)
FNF:1
FNH:1
FNDA:1,(anonymous_0)
DA:5,1
DA:6,1
DA:11,1
LF:3
LH:3
BRDA:5,0,0,1
BRDA:5,0,1,1
BRF:2
BRH:2
end_of_record
TN:
SF:/Users/admin/Code/geovistory/client/projects/lib-queries/src/__tests__/helpers/data/transformers.ts
FN:11,transformDfhApiClassToDfhClass
FN:27,transformDfhApiPropertyToDfhProperty
FN:51,transformDfhApiClassToDfhLabel
FN:64,transformDfhApiPropertyToDfhLabel
FNF:4
FNH:4
FNDA:11,transformDfhApiClassToDfhClass
FNDA:8,transformDfhApiPropertyToDfhProperty
FNDA:9,transformDfhApiClassToDfhLabel
FNDA:6,transformDfhApiPropertyToDfhLabel
DA:12,11
DA:28,8
DA:52,9
DA:65,6
LF:4
LH:4
BRF:0
BRH:0
end_of_record
TN:
SF:/Users/admin/Code/geovistory/client/projects/lib-queries/src/__tests__/helpers/data/auto-gen/DfhApiClassMock.ts
FNF:0
FNH:0
DA:4,1
DA:25,1
DA:47,1
DA:68,1
DA:89,1
DA:110,1
DA:130,1
DA:151,1
DA:172,1
DA:193,1
DA:214,1
DA:235,1
DA:255,1
DA:275,1
DA:295,1
DA:316,1
DA:337,1
LF:17
LH:17
BRF:0
BRH:0
end_of_record
TN:
SF:/Users/admin/Code/geovistory/client/projects/lib-queries/src/__tests__/helpers/data/auto-gen/DfhApiPropertyMock.ts
FNF:0
FNH:0
DA:4,1
DA:34,1
DA:65,1
DA:96,1
DA:130,1
DA:160,1
DA:190,1
DA:220,1
DA:250,1
DA:280,1
DA:311,1
DA:342,1
DA:373,1
DA:403,1
DA:433,1
DA:464,1
DA:495,1
DA:527,1
DA:558,1
DA:589,1
DA:619,1
DA:649,1
DA:681,1
LF:23
LH:23
BRF:0
BRH:0
end_of_record
TN:
SF:/Users/admin/Code/geovistory/client/projects/lib-queries/src/__tests__/helpers/data/auto-gen/InfLanguageMock.ts
FNF:0
FNH:0
DA:9,1
DA:17,1
DA:26,1
DA:35,1
LF:4
LH:4
BRF:0
BRH:0
end_of_record
TN:
SF:/Users/admin/Code/geovistory/client/projects/lib-queries/src/__tests__/helpers/data/auto-gen/ProClassFieldConfigMock.ts
FNF:0
FNH:0
DA:16,1
DA:23,1
LF:2
LH:2
BRF:0
BRH:0
end_of_record
TN:
SF:/Users/admin/Code/geovistory/client/projects/lib-queries/src/__tests__/helpers/data/auto-gen/ProDfhProfileProjRelMock.ts
FNF:0
FNH:0
DA:11,1
DA:18,1
LF:2
LH:2
BRF:0
BRH:0
end_of_record
TN:
SF:/Users/admin/Code/geovistory/client/projects/lib-queries/src/__tests__/helpers/data/auto-gen/ProProjectMock.ts
FNF:0
FNH:0
DA:11,1
DA:16,1
DA:21,1
DA:26,1
DA:31,1
LF:5
LH:5
BRF:0
BRH:0
end_of_record
TN:
SF:/Users/admin/Code/geovistory/client/projects/lib-queries/src/__tests__/helpers/data/auto-gen/SysConfigValueMock.ts
FNF:0
FNH:0
DA:6,1
LF:1
LH:1
BRF:0
BRH:0
end_of_record
TN:
SF:/Users/admin/Code/geovistory/client/projects/lib-queries/src/__tests__/helpers/data/auto-gen/local-model.helpers.ts
FNF:0
FNH:0
DA:82,1
LF:1
LH:1
BRF:0
BRH:0
end_of_record
TN:
SF:/Users/admin/Code/geovistory/client/projects/lib-queries/src/__tests__/helpers/data/positive-schema-objects/basic-classes-and-properties.ts
FNF:0
FNH:0
DA:8,1
LF:1
LH:1
BRF:0
BRH:0
end_of_record
TN:
SF:/Users/admin/Code/geovistory/client/projects/lib-queries/src/__tests__/helpers/data/positive-schema-objects/fields-of-manifestation-singleton.ts
FNF:0
FNH:0
DA:8,1
LF:1
LH:1
BRF:0
BRH:0
end_of_record
TN:
SF:/Users/admin/Code/geovistory/client/projects/lib-queries/src/__tests__/helpers/data/positive-schema-objects/project-1.ts
FNF:0
FNH:0
DA:5,1
LF:1
LH:1
BRF:0
BRH:0
end_of_record
TN:
SF:/Users/admin/Code/geovistory/client/projects/lib-queries/src/__tests__/helpers/data/positive-schema-objects/sys-config.ts
FNF:0
FNH:0
DA:4,1
LF:1
LH:1
BRF:0
BRH:0
end_of_record
TN:
SF:/Users/admin/Code/geovistory/client/projects/lib-queries/src/lib/queries/decorators/method-decorators.ts
FN:20,(anonymous_0)
FN:20,(anonymous_1)
FN:29,(anonymous_2)
FN:45,spyTag
FN:47,(anonymous_4)
FNF:5
FNH:3
FNDA:37,(anonymous_0)
FNDA:37,(anonymous_1)
FNDA:0,(anonymous_2)
FNDA:92,spyTag
FNDA:0,(anonymous_4)
DA:20,37
DA:21,37
DA:27,37
DA:28,37
DA:29,37
DA:30,0
DA:31,0
DA:32,0
DA:34,0
DA:39,0
DA:41,37
DA:46,92
DA:47,92
DA:48,0
DA:49,0
DA:53,92
LF:16
LH:9
BRDA:31,0,0,0
BRDA:31,0,1,0
BRF:2
BRH:0
end_of_record
TN:
SF:/Users/admin/Code/geovistory/client/projects/lib-queries/src/lib/queries/functions/functions.ts
FN:5,timeSpanItemToTimeSpan
FN:8,(anonymous_1)
FNF:2
FNH:0
FNDA:0,timeSpanItemToTimeSpan
FNDA:0,(anonymous_1)
DA:6,0
DA:8,0
DA:9,0
DA:10,0
DA:12,0
LF:5
LH:0
BRDA:10,0,0,0
BRDA:10,0,1,0
BRDA:10,1,0,0
BRDA:10,1,1,0
BRF:4
BRH:0
end_of_record
TN:
SF:/Users/admin/Code/geovistory/client/projects/lib-queries/src/lib/queries/module/redux-queries.module.ts
FNF:0
FNH:0
DA:27,1
LF:1
LH:1
BRF:0
BRH:0
end_of_record
TN:
SF:/Users/admin/Code/geovistory/client/projects/lib-queries/src/lib/queries/selectors/dat.service.ts
FN:11,(anonymous_0)
FN:17,(anonymous_1)
FN:24,(anonymous_2)
FN:40,(anonymous_3)
FN:46,(anonymous_4)
FN:48,(anonymous_5)
FN:56,(anonymous_6)
FN:66,(anonymous_7)
FN:76,(anonymous_8)
FN:86,(anonymous_9)
FN:96,(anonymous_10)
FN:115,(anonymous_11)
FNF:12
FNH:9
FNDA:90,(anonymous_0)
FNDA:195,(anonymous_1)
FNDA:0,(anonymous_2)
FNDA:15,(anonymous_3)
FNDA:0,(anonymous_4)
FNDA:0,(anonymous_5)
FNDA:15,(anonymous_6)
FNDA:15,(anonymous_7)
FNDA:15,(anonymous_8)
FNDA:15,(anonymous_9)
FNDA:15,(anonymous_10)
FNDA:15,(anonymous_11)
DA:12,90
DA:13,90
DA:14,90
DA:19,195
DA:24,195
DA:29,195
DA:34,15
DA:35,15
DA:36,15
DA:41,15
DA:42,15
DA:43,15
DA:44,15
DA:47,0
DA:48,0
DA:54,15
DA:55,15
DA:57,15
DA:58,15
DA:59,15
DA:60,15
DA:64,15
DA:65,15
DA:67,15
DA:68,15
DA:69,15
DA:70,15
DA:74,15
DA:75,15
DA:77,15
DA:78,15
DA:79,15
DA:80,15
DA:84,15
DA:85,15
DA:87,15
DA:88,15
DA:89,15
DA:90,15
DA:94,15
DA:95,15
DA:97,15
DA:98,15
DA:99,15
DA:100,15
DA:106,1
DA:108,15
DA:109,15
DA:110,15
DA:111,15
DA:112,15
DA:113,15
DA:115,15
DA:116,15
LF:54
LH:52
BRF:0
BRH:0
end_of_record
TN:
SF:/Users/admin/Code/geovistory/client/projects/lib-queries/src/lib/queries/selectors/dfh.service.ts
FN:20,(anonymous_0)
FN:28,(anonymous_1)
FN:32,(anonymous_2)
FN:38,(anonymous_3)
FN:39,(anonymous_4)
FN:40,(anonymous_5)
FN:50,(anonymous_6)
FN:55,(anonymous_7)
FN:61,(anonymous_8)
FN:72,(anonymous_9)
FN:90,(anonymous_10)
FNF:11
FNH:7
FNDA:60,(anonymous_0)
FNDA:210,(anonymous_1)
FNDA:0,(anonymous_2)
FNDA:0,(anonymous_3)
FNDA:0,(anonymous_4)
FNDA:0,(anonymous_5)
FNDA:15,(anonymous_6)
FNDA:15,(anonymous_7)
FNDA:15,(anonymous_8)
FNDA:15,(anonymous_9)
FNDA:15,(anonymous_10)
DA:18,60
DA:21,60
DA:22,60
DA:23,60
DA:24,60
DA:30,210
DA:31,210
DA:32,0
DA:38,210
DA:39,210
DA:40,0
DA:46,210
DA:51,15
DA:56,15
DA:57,15
DA:62,15
DA:63,15
DA:64,15
DA:65,15
DA:66,15
DA:67,15
DA:68,15
DA:73,15
DA:74,15
DA:75,15
DA:76,15
DA:83,1
DA:85,15
DA:86,15
DA:87,15
DA:88,15
DA:91,15
DA:92,15
DA:94,15
LF:34
LH:32
BRDA:33,0,0,0
BRDA:33,0,1,0
BRDA:41,1,0,0
BRDA:41,1,1,0
BRF:4
BRH:0
end_of_record
TN:
SF:/Users/admin/Code/geovistory/client/projects/lib-queries/src/lib/queries/selectors/inf.service.ts
FN:11,(anonymous_0)
FN:18,(anonymous_1)
FN:21,(anonymous_2)
FN:33,(anonymous_3)
FN:35,(anonymous_4)
FN:51,(anonymous_5)
FN:53,(anonymous_6)
FN:54,(anonymous_7)
FN:65,(anonymous_8)
FN:66,(anonymous_9)
FN:72,(anonymous_10)
FN:81,(anonymous_11)
FN:82,(anonymous_12)
FN:93,(anonymous_13)
FN:96,(anonymous_14)
FN:103,(anonymous_15)
FN:104,(anonymous_16)
FN:122,(anonymous_17)
FN:124,(anonymous_18)
FN:126,(anonymous_19)
FN:133,(anonymous_20)
FN:138,(anonymous_21)
FN:156,(anonymous_22)
FN:158,(anonymous_23)
FN:161,(anonymous_24)
FN:165,(anonymous_25)
FN:178,(anonymous_26)
FN:185,(anonymous_27)
FN:187,(anonymous_28)
FN:190,(anonymous_29)
FN:192,(anonymous_30)
FN:195,(anonymous_31)
FN:197,(anonymous_32)
FN:206,(anonymous_33)
FN:213,(anonymous_34)
FN:215,(anonymous_35)
FN:228,(anonymous_36)
FN:235,(anonymous_37)
FN:237,(anonymous_38)
FN:241,(anonymous_39)
FN:246,(anonymous_40)
FN:247,(anonymous_41)
FN:251,(anonymous_42)
FN:255,(anonymous_43)
FN:257,(anonymous_44)
FN:260,(anonymous_45)
FN:264,(anonymous_46)
FN:269,(anonymous_47)
FN:274,(anonymous_48)
FN:275,(anonymous_49)
FN:279,(anonymous_50)
FN:283,(anonymous_51)
FN:285,(anonymous_52)
FN:289,(anonymous_53)
FN:294,(anonymous_54)
FN:308,(anonymous_55)
FN:315,(anonymous_56)
FN:317,(anonymous_57)
FN:321,(anonymous_58)
FN:325,(anonymous_59)
FN:332,(anonymous_60)
FN:336,(anonymous_61)
FN:348,(anonymous_62)
FN:359,(anonymous_63)
FN:370,(anonymous_64)
FN:381,(anonymous_65)
FN:392,(anonymous_66)
FN:403,(anonymous_67)
FN:427,(anonymous_68)
FN:429,(anonymous_69)
FNF:70
FNH:0
FNDA:0,(anonymous_0)
FNDA:0,(anonymous_1)
FNDA:0,(anonymous_2)
FNDA:0,(anonymous_3)
FNDA:0,(anonymous_4)
FNDA:0,(anonymous_5)
FNDA:0,(anonymous_6)
FNDA:0,(anonymous_7)
FNDA:0,(anonymous_8)
FNDA:0,(anonymous_9)
FNDA:0,(anonymous_10)
FNDA:0,(anonymous_11)
FNDA:0,(anonymous_12)
FNDA:0,(anonymous_13)
FNDA:0,(anonymous_14)
FNDA:0,(anonymous_15)
FNDA:0,(anonymous_16)
FNDA:0,(anonymous_17)
FNDA:0,(anonymous_18)
FNDA:0,(anonymous_19)
FNDA:0,(anonymous_20)
FNDA:0,(anonymous_21)
FNDA:0,(anonymous_22)
FNDA:0,(anonymous_23)
FNDA:0,(anonymous_24)
FNDA:0,(anonymous_25)
FNDA:0,(anonymous_26)
FNDA:0,(anonymous_27)
FNDA:0,(anonymous_28)
FNDA:0,(anonymous_29)
FNDA:0,(anonymous_30)
FNDA:0,(anonymous_31)
FNDA:0,(anonymous_32)
FNDA:0,(anonymous_33)
FNDA:0,(anonymous_34)
FNDA:0,(anonymous_35)
FNDA:0,(anonymous_36)
FNDA:0,(anonymous_37)
FNDA:0,(anonymous_38)
FNDA:0,(anonymous_39)
FNDA:0,(anonymous_40)
FNDA:0,(anonymous_41)
FNDA:0,(anonymous_42)
FNDA:0,(anonymous_43)
FNDA:0,(anonymous_44)
FNDA:0,(anonymous_45)
FNDA:0,(anonymous_46)
FNDA:0,(anonymous_47)
FNDA:0,(anonymous_48)
FNDA:0,(anonymous_49)
FNDA:0,(anonymous_50)
FNDA:0,(anonymous_51)
FNDA:0,(anonymous_52)
FNDA:0,(anonymous_53)
FNDA:0,(anonymous_54)
FNDA:0,(anonymous_55)
FNDA:0,(anonymous_56)
FNDA:0,(anonymous_57)
FNDA:0,(anonymous_58)
FNDA:0,(anonymous_59)
FNDA:0,(anonymous_60)
FNDA:0,(anonymous_61)
FNDA:0,(anonymous_62)
FNDA:0,(anonymous_63)
FNDA:0,(anonymous_64)
FNDA:0,(anonymous_65)
FNDA:0,(anonymous_66)
FNDA:0,(anonymous_67)
FNDA:0,(anonymous_68)
FNDA:0,(anonymous_69)
DA:12,0
DA:13,0
DA:14,0
DA:15,0
DA:20,0
DA:23,0
DA:24,0
DA:26,0
DA:28,0
DA:33,0
DA:34,0
DA:37,0
DA:38,0
DA:40,0
DA:42,0
DA:48,0
DA:53,0
DA:56,0
DA:57,0
DA:58,0
DA:59,0
DA:61,0
DA:63,0
DA:65,0
DA:67,0
DA:68,0
DA:69,0
DA:70,0
DA:71,0
DA:72,0
DA:75,0
DA:81,0
DA:84,0
DA:85,0
DA:86,0
DA:87,0
DA:89,0
DA:92,0
DA:93,0
DA:96,0
DA:103,0
DA:106,0
DA:107,0
DA:108,0
DA:109,0
DA:111,0
DA:113,0
DA:117,0
DA:123,0
DA:125,0
DA:127,0
DA:128,0
DA:129,0
DA:130,0
DA:131,0
DA:133,0
DA:137,0
DA:139,0
DA:140,0
DA:141,0
DA:142,0
DA:143,0
DA:146,0
DA:157,0
DA:159,0
DA:160,0
DA:162,0
DA:163,0
DA:165,0
DA:175,0
DA:176,0
DA:179,0
DA:180,0
DA:181,0
DA:182,0
DA:183,0
DA:186,0
DA:187,0
DA:188,0
DA:191,0
DA:192,0
DA:193,0
DA:196,0
DA:197,0
DA:198,0
DA:203,0
DA:207,0
DA:208,0
DA:209,0
DA:210,0
DA:211,0
DA:214,0
DA:215,0
DA:216,0
DA:223,0
DA:224,0
DA:226,0
DA:229,0
DA:230,0
DA:231,0
DA:232,0
DA:233,0
DA:236,0
DA:237,0
DA:238,0
DA:242,0
DA:243,0
DA:244,0
DA:245,0
DA:246,0
DA:247,0
DA:250,0
DA:251,0
DA:256,0
DA:257,0
DA:261,0
DA:262,0
DA:263,0
DA:264,0
DA:266,0
DA:270,0
DA:271,0
DA:272,0
DA:273,0
DA:274,0
DA:275,0
DA:278,0
DA:279,0
DA:284,0
DA:285,0
DA:290,0
DA:291,0
DA:292,0
DA:293,0
DA:294,0
DA:297,0
DA:304,0
DA:305,0
DA:306,0
DA:309,0
DA:310,0
DA:311,0
DA:312,0
DA:313,0
DA:316,0
DA:317,0
DA:318,0
DA:322,0
DA:323,0
DA:324,0
DA:325,0
DA:328,0
DA:333,0
DA:334,0
DA:335,0
DA:336,0
DA:339,0
DA:346,0
DA:349,0
DA:350,0
DA:351,0
DA:352,0
DA:353,0
DA:357,0
DA:360,0
DA:361,0
DA:362,0
DA:363,0
DA:364,0
DA:368,0
DA:371,0
DA:372,0
DA:373,0
DA:374,0
DA:375,0
DA:379,0
DA:382,0
DA:383,0
DA:384,0
DA:385,0
DA:386,0
DA:390,0
DA:393,0
DA:394,0
DA:395,0
DA:396,0
DA:397,0
DA:401,0
DA:404,0
DA:405,0
DA:406,0
DA:407,0
DA:408,0
DA:414,0
DA:415,0
DA:416,0
DA:417,0
DA:418,0
DA:419,0
DA:420,0
DA:421,0
DA:422,0
DA:423,0
DA:425,0
DA:427,0
DA:430,0
LF:206
LH:0
BRDA:23,0,0,0
BRDA:23,0,1,0
BRDA:37,1,0,0
BRDA:37,1,1,0
BRDA:58,2,0,0
BRDA:58,2,1,0
BRDA:68,3,0,0
BRDA:68,3,1,0
BRDA:86,4,0,0
BRDA:86,4,1,0
BRDA:108,5,0,0
BRDA:108,5,1,0
BRDA:129,6,0,0
BRDA:129,6,1,0
BRDA:142,7,0,0
BRDA:142,7,1,0
BRDA:142,8,0,0
BRDA:142,8,1,0
BRDA:159,9,0,0
BRDA:159,9,1,0
BRDA:165,10,0,0
BRDA:165,10,1,0
BRDA:165,11,0,0
BRDA:165,11,1,0
BRDA:185,12,0,0
BRDA:187,13,0,0
BRDA:187,13,1,0
BRDA:190,14,0,0
BRDA:192,15,0,0
BRDA:192,15,1,0
BRDA:195,16,0,0
BRDA:197,17,0,0
BRDA:197,17,1,0
BRDA:213,18,0,0
BRDA:215,19,0,0
BRDA:215,19,1,0
BRDA:235,20,0,0
BRDA:237,21,0,0
BRDA:237,21,1,0
BRDA:241,22,0,0
BRDA:244,23,0,0
BRDA:244,23,1,0
BRDA:255,24,0,0
BRDA:260,25,0,0
BRDA:263,26,0,0
BRDA:263,26,1,0
BRDA:269,27,0,0
BRDA:272,28,0,0
BRDA:272,28,1,0
BRDA:283,29,0,0
BRDA:289,30,0,0
BRDA:292,31,0,0
BRDA:292,31,1,0
BRDA:315,32,0,0
BRDA:317,33,0,0
BRDA:317,33,1,0
BRDA:321,34,0,0
BRDA:323,35,0,0
BRDA:323,35,1,0
BRDA:332,36,0,0
BRDA:334,37,0,0
BRDA:334,37,1,0
BRF:62
BRH:0
end_of_record
TN:
SF:/Users/admin/Code/geovistory/client/projects/lib-queries/src/lib/queries/selectors/pro.service.ts
FN:13,(anonymous_0)
FN:19,(anonymous_1)
FN:23,(anonymous_2)
FN:24,(anonymous_3)
FN:36,(anonymous_4)
FN:47,(anonymous_5)
FN:60,(anonymous_6)
FN:72,(anonymous_7)
FN:83,(anonymous_8)
FN:97,(anonymous_9)
FN:108,(anonymous_10)
FN:128,(anonymous_11)
FNF:12
FNH:10
FNDA:105,(anonymous_0)
FNDA:195,(anonymous_1)
FNDA:0,(anonymous_2)
FNDA:0,(anonymous_3)
FNDA:15,(anonymous_4)
FNDA:15,(anonymous_5)
FNDA:15,(anonymous_6)
FNDA:15,(anonymous_7)
FNDA:15,(anonymous_8)
FNDA:15,(anonymous_9)
FNDA:15,(anonymous_10)
FNDA:15,(anonymous_11)
DA:14,105
DA:15,105
DA:16,105
DA:21,195
DA:23,195
DA:24,0
DA:26,0
DA:29,195
DA:34,15
DA:37,15
DA:38,15
DA:39,15
DA:40,15
DA:45,15
DA:48,15
DA:49,15
DA:50,15
DA:51,15
DA:56,15
DA:57,15
DA:58,15
DA:61,15
DA:62,15
DA:63,15
DA:64,15
DA:68,15
DA:69,15
DA:70,15
DA:73,15
DA:74,15
DA:75,15
DA:76,15
DA:80,15
DA:81,15
DA:84,15
DA:85,15
DA:86,15
DA:87,15
DA:92,15
DA:93,15
DA:98,15
DA:99,15
DA:100,15
DA:101,15
DA:107,15
DA:109,15
DA:110,15
DA:111,15
DA:112,15
DA:118,1
DA:120,15
DA:121,15
DA:122,15
DA:123,15
DA:124,15
DA:125,15
DA:126,15
DA:128,15
DA:129,15
LF:59
LH:57
BRDA:24,0,0,0
BRDA:24,0,1,0
BRF:2
BRH:0
end_of_record
TN:
SF:/Users/admin/Code/geovistory/client/projects/lib-queries/src/lib/queries/selectors/sys.service.ts
FN:12,(anonymous_0)
FN:18,(anonymous_1)
FN:22,(anonymous_2)
FN:35,(anonymous_3)
FN:57,(anonymous_4)
FN:64,(anonymous_5)
FNF:6
FNH:3
FNDA:15,(anonymous_0)
FNDA:0,(anonymous_1)
FNDA:0,(anonymous_2)
FNDA:15,(anonymous_3)
FNDA:0,(anonymous_4)
FNDA:15,(anonymous_5)
DA:10,15
DA:13,15
DA:14,15
DA:15,15
DA:20,0
DA:22,0
DA:24,0
DA:30,0
DA:31,0
DA:32,0
DA:33,0
DA:36,0
DA:37,0
DA:38,0
DA:39,15
DA:55,0
DA:58,0
DA:59,0
DA:60,0
DA:61,0
DA:67,1
DA:68,15
DA:71,0
LF:23
LH:7
BRF:0
BRH:0
end_of_record
TN:
SF:/Users/admin/Code/geovistory/client/projects/lib-queries/src/lib/queries/selectors/tab.service.ts
FN:8,(anonymous_0)
FN:14,(anonymous_1)
FN:18,(anonymous_2)
FN:28,(anonymous_3)
FN:43,(anonymous_4)
FNF:5
FNH:4
FNDA:15,(anonymous_0)
FNDA:30,(anonymous_1)
FNDA:0,(anonymous_2)
FNDA:15,(anonymous_3)
FNDA:15,(anonymous_4)
DA:9,15
DA:10,15
DA:11,15
DA:16,30
DA:18,30
DA:20,30
DA:25,15
DA:26,15
DA:29,15
DA:30,15
DA:31,15
DA:32,15
DA:39,1
DA:41,15
DA:43,15
DA:44,15
LF:16
LH:16
BRF:0
BRH:0
end_of_record
TN:
SF:/Users/admin/Code/geovistory/client/projects/lib-queries/src/lib/queries/services/active-project-pipes.service.ts
FN:21,(anonymous_0)
FN:28,(anonymous_1)
FN:29,(anonymous_2)
FN:36,(anonymous_3)
FN:41,(anonymous_4)
FN:58,(anonymous_5)
FN:60,(anonymous_6)
FN:61,(anonymous_7)
FN:63,(anonymous_8)
FN:66,(anonymous_9)
FN:67,(anonymous_10)
FN:71,(anonymous_11)
FN:83,(anonymous_12)
FN:91,(anonymous_13)
FN:91,(anonymous_14)
FN:107,(anonymous_15)
FNF:16
FNH:0
FNDA:0,(anonymous_0)
FNDA:0,(anonymous_1)
FNDA:0,(anonymous_2)
FNDA:0,(anonymous_3)
FNDA:0,(anonymous_4)
FNDA:0,(anonymous_5)
FNDA:0,(anonymous_6)
FNDA:0,(anonymous_7)
FNDA:0,(anonymous_8)
FNDA:0,(anonymous_9)
FNDA:0,(anonymous_10)
FNDA:0,(anonymous_11)
FNDA:0,(anonymous_12)
FNDA:0,(anonymous_13)
FNDA:0,(anonymous_14)
FNDA:0,(anonymous_15)
DA:15,1
DA:18,0
DA:22,0
DA:23,0
DA:24,0
DA:27,0
DA:28,0
DA:30,0
DA:36,0
DA:40,0
DA:42,0
DA:46,0
DA:47,0
DA:58,1
DA:59,0
DA:60,0
DA:61,0
DA:63,1
DA:65,0
DA:66,0
DA:69,0
DA:71,0
DA:84,0
DA:86,0
DA:91,0
DA:93,0
DA:100,0
DA:104,0
DA:107,0
LF:29
LH:3
BRDA:46,0,0,0
BRDA:46,0,1,0
BRDA:86,1,0,0
BRDA:86,1,1,0
BRDA:88,2,0,0
BRDA:88,2,1,0
BRDA:88,2,2,0
BRDA:88,3,0,0
BRDA:88,3,1,0
BRDA:88,4,0,0
BRDA:88,4,1,0
BRDA:88,5,0,0
BRDA:88,5,1,0
BRF:13
BRH:0
end_of_record
TN:
SF:/Users/admin/Code/geovistory/client/projects/lib-queries/src/lib/queries/services/configuration-pipes.service.ts
FN:49,(anonymous_0)
FN:60,(anonymous_1)
FN:62,(anonymous_2)
FN:64,(anonymous_3)
FN:65,(anonymous_4)
FN:66,(anonymous_5)
FN:68,(anonymous_6)
FN:79,(anonymous_7)
FN:85,(anonymous_8)
FN:87,(anonymous_9)
FN:89,(anonymous_10)
FN:93,(anonymous_11)
FN:111,(anonymous_12)
FN:114,(anonymous_13)
FN:185,(anonymous_14)
FN:188,(anonymous_15)
FN:190,(anonymous_16)
FN:192,(anonymous_17)
FN:201,(anonymous_18)
FN:203,(anonymous_19)
FN:205,(anonymous_20)
FN:207,(anonymous_21)
FN:221,(anonymous_22)
FN:224,(anonymous_23)
FN:227,(anonymous_24)
FN:229,(anonymous_25)
FN:231,(anonymous_26)
FN:234,(anonymous_27)
FN:252,(anonymous_28)
FN:258,(anonymous_29)
FN:267,(anonymous_30)
FN:273,(anonymous_31)
FN:284,(anonymous_32)
FN:291,(anonymous_33)
FN:322,(anonymous_34)
FN:365,(anonymous_35)
FN:367,(anonymous_36)
FN:368,(anonymous_37)
FN:381,(anonymous_38)
FN:383,(anonymous_39)
FN:398,(anonymous_40)
FN:403,(anonymous_41)
FN:403,(anonymous_42)
FN:415,(anonymous_43)
FN:421,(anonymous_44)
FN:423,(anonymous_45)
FN:425,(anonymous_46)
FN:443,(anonymous_47)
FN:489,(anonymous_48)
FN:504,(anonymous_49)
FN:519,(anonymous_50)
FN:531,(anonymous_51)
FN:543,(anonymous_52)
FN:554,(anonymous_53)
FN:570,(anonymous_54)
FN:585,(anonymous_55)
FN:593,(anonymous_56)
FN:604,(anonymous_57)
FN:606,(anonymous_58)
FN:642,(anonymous_59)
FN:647,(anonymous_60)
FN:648,(anonymous_61)
FN:684,(anonymous_62)
FN:689,(anonymous_63)
FN:689,(anonymous_64)
FN:694,(anonymous_65)
FN:696,(anonymous_66)
FN:696,(anonymous_67)
FN:704,(anonymous_68)
FN:705,(anonymous_69)
FN:709,(anonymous_70)
FN:710,(anonymous_71)
FN:712,(anonymous_72)
FN:712,(anonymous_73)
FN:723,(anonymous_74)
FN:728,(anonymous_75)
FN:729,(anonymous_76)
FN:731,(anonymous_77)
FN:732,(anonymous_78)
FN:749,(anonymous_79)
FN:750,(anonymous_80)
FN:752,(anonymous_81)
FN:752,(anonymous_82)
FN:761,(anonymous_83)
FN:766,(anonymous_84)
FN:766,(anonymous_85)
FN:774,(anonymous_86)
FN:775,(anonymous_87)
FN:777,(anonymous_88)
FN:778,(anonymous_89)
FN:779,(anonymous_90)
FN:782,(anonymous_91)
FN:793,(anonymous_92)
FN:805,(anonymous_93)
FN:808,(anonymous_94)
FN:809,(anonymous_95)
FN:810,(anonymous_96)
FN:813,(anonymous_97)
FN:828,(anonymous_98)
FN:833,(anonymous_99)
FN:833,(anonymous_100)
FN:847,(anonymous_101)
FN:848,(anonymous_102)
FN:852,(anonymous_103)
FN:855,(anonymous_104)
FN:856,(anonymous_105)
FN:857,(anonymous_106)
FN:864,(anonymous_107)
FN:866,(anonymous_108)
FN:867,(anonymous_109)
FN:872,(anonymous_110)
FN:875,(anonymous_111)
FN:876,(anonymous_112)
FN:877,(anonymous_113)
FN:882,(anonymous_114)
FN:884,(anonymous_115)
FN:885,(anonymous_116)
FN:890,(anonymous_117)
FN:892,(anonymous_118)
FN:897,(anonymous_119)
FN:899,(anonymous_120)
FN:914,getSubfieldType
FN:934,createHasDefinitionProperty
FN:960,createAppellationProperty
FN:986,createHasTimeSpanProperty
FN:1011,isRemovedFromAllProfiles
FN:1012,(anonymous_127)
FN:1016,getPlaceOfDisplay
FN:1036,getSettingsFromSysConfig
FNF:129
FNH:0
FNDA:0,(anonymous_0)
FNDA:0,(anonymous_1)
FNDA:0,(anonymous_2)
FNDA:0,(anonymous_3)
FNDA:0,(anonymous_4)
FNDA:0,(anonymous_5)
FNDA:0,(anonymous_6)
FNDA:0,(anonymous_7)
FNDA:0,(anonymous_8)
FNDA:0,(anonymous_9)
FNDA:0,(anonymous_10)
FNDA:0,(anonymous_11)
FNDA:0,(anonymous_12)
FNDA:0,(anonymous_13)
FNDA:0,(anonymous_14)
FNDA:0,(anonymous_15)
FNDA:0,(anonymous_16)
FNDA:0,(anonymous_17)
FNDA:0,(anonymous_18)
FNDA:0,(anonymous_19)
FNDA:0,(anonymous_20)
FNDA:0,(anonymous_21)
FNDA:0,(anonymous_22)
FNDA:0,(anonymous_23)
FNDA:0,(anonymous_24)
FNDA:0,(anonymous_25)
FNDA:0,(anonymous_26)
FNDA:0,(anonymous_27)
FNDA:0,(anonymous_28)
FNDA:0,(anonymous_29)
FNDA:0,(anonymous_30)
FNDA:0,(anonymous_31)
FNDA:0,(anonymous_32)
FNDA:0,(anonymous_33)
FNDA:0,(anonymous_34)
FNDA:0,(anonymous_35)
FNDA:0,(anonymous_36)
FNDA:0,(anonymous_37)
FNDA:0,(anonymous_38)
FNDA:0,(anonymous_39)
FNDA:0,(anonymous_40)
FNDA:0,(anonymous_41)
FNDA:0,(anonymous_42)
FNDA:0,(anonymous_43)
FNDA:0,(anonymous_44)
FNDA:0,(anonymous_45)
FNDA:0,(anonymous_46)
FNDA:0,(anonymous_47)
FNDA:0,(anonymous_48)
FNDA:0,(anonymous_49)
FNDA:0,(anonymous_50)
FNDA:0,(anonymous_51)
FNDA:0,(anonymous_52)
FNDA:0,(anonymous_53)
FNDA:0,(anonymous_54)
FNDA:0,(anonymous_55)
FNDA:0,(anonymous_56)
FNDA:0,(anonymous_57)
FNDA:0,(anonymous_58)
FNDA:0,(anonymous_59)
FNDA:0,(anonymous_60)
FNDA:0,(anonymous_61)
FNDA:0,(anonymous_62)
FNDA:0,(anonymous_63)
FNDA:0,(anonymous_64)
FNDA:0,(anonymous_65)
FNDA:0,(anonymous_66)
FNDA:0,(anonymous_67)
FNDA:0,(anonymous_68)
FNDA:0,(anonymous_69)
FNDA:0,(anonymous_70)
FNDA:0,(anonymous_71)
FNDA:0,(anonymous_72)
FNDA:0,(anonymous_73)
FNDA:0,(anonymous_74)
FNDA:0,(anonymous_75)
FNDA:0,(anonymous_76)
FNDA:0,(anonymous_77)
FNDA:0,(anonymous_78)
FNDA:0,(anonymous_79)
FNDA:0,(anonymous_80)
FNDA:0,(anonymous_81)
FNDA:0,(anonymous_82)
FNDA:0,(anonymous_83)
FNDA:0,(anonymous_84)
FNDA:0,(anonymous_85)
FNDA:0,(anonymous_86)
FNDA:0,(anonymous_87)
FNDA:0,(anonymous_88)
FNDA:0,(anonymous_89)
FNDA:0,(anonymous_90)
FNDA:0,(anonymous_91)
FNDA:0,(anonymous_92)
FNDA:0,(anonymous_93)
FNDA:0,(anonymous_94)
FNDA:0,(anonymous_95)
FNDA:0,(anonymous_96)
FNDA:0,(anonymous_97)
FNDA:0,(anonymous_98)
FNDA:0,(anonymous_99)
FNDA:0,(anonymous_100)
FNDA:0,(anonymous_101)
FNDA:0,(anonymous_102)
FNDA:0,(anonymous_103)
FNDA:0,(anonymous_104)
FNDA:0,(anonymous_105)
FNDA:0,(anonymous_106)
FNDA:0,(anonymous_107)
FNDA:0,(anonymous_108)
FNDA:0,(anonymous_109)
FNDA:0,(anonymous_110)
FNDA:0,(anonymous_111)
FNDA:0,(anonymous_112)
FNDA:0,(anonymous_113)
FNDA:0,(anonymous_114)
FNDA:0,(anonymous_115)
FNDA:0,(anonymous_116)
FNDA:0,(anonymous_117)
FNDA:0,(anonymous_118)
FNDA:0,(anonymous_119)
FNDA:0,(anonymous_120)
FNDA:0,getSubfieldType
FNDA:0,createHasDefinitionProperty
FNDA:0,createAppellationProperty
FNDA:0,createHasTimeSpanProperty
FNDA:0,isRemovedFromAllProfiles
FNDA:0,(anonymous_127)
FNDA:0,getPlaceOfDisplay
FNDA:0,getSettingsFromSysConfig
DA:47,1
DA:50,0
DA:51,0
DA:60,1
DA:61,0
DA:62,0
DA:64,0
DA:65,0
DA:66,0
DA:68,0
DA:79,1
DA:81,0
DA:85,0
DA:87,0
DA:89,0
DA:96,0
DA:97,0
DA:100,0
DA:101,0
DA:104,0
DA:106,0
DA:112,0
DA:114,0
DA:120,0
DA:121,0
DA:125,0
DA:126,0
DA:127,0
DA:128,0
DA:130,0
DA:131,0
DA:132,0
DA:133,0
DA:134,0
DA:158,0
DA:163,0
DA:164,0
DA:167,0
DA:168,0
DA:172,0
DA:185,1
DA:187,0
DA:188,0
DA:190,0
DA:192,0
DA:201,1
DA:202,0
DA:203,0
DA:205,0
DA:207,0
DA:221,1
DA:222,0
DA:225,0
DA:227,0
DA:229,0
DA:231,0
DA:232,0
DA:234,0
DA:235,0
DA:237,0
DA:252,1
DA:253,0
DA:258,0
DA:267,1
DA:268,0
DA:273,0
DA:284,1
DA:290,0
DA:293,0
DA:294,0
DA:295,0
DA:296,0
DA:300,0
DA:304,0
DA:308,0
DA:312,0
DA:324,0
DA:344,0
DA:365,1
DA:366,0
DA:367,0
DA:368,0
DA:381,1
DA:382,0
DA:385,0
DA:389,0
DA:393,0
DA:399,0
DA:401,0
DA:403,0
DA:415,1
DA:417,0
DA:421,0
DA:425,0
DA:426,0
DA:443,1
DA:457,0
DA:458,0
DA:460,0
DA:461,0
DA:463,0
DA:464,0
DA:467,0
DA:468,0
DA:470,0
DA:471,0
DA:473,0
DA:474,0
DA:479,0
DA:490,0
DA:491,0
DA:492,0
DA:505,0
DA:506,0
DA:507,0
DA:520,0
DA:521,0
DA:522,0
DA:532,0
DA:533,0
DA:534,0
DA:544,0
DA:545,0
DA:546,0
DA:554,1
DA:563,0
DA:564,0
DA:570,1
DA:578,0
DA:579,0
DA:585,1
DA:586,0
DA:589,0
DA:593,0
DA:605,0
DA:606,0
DA:607,0
DA:615,0
DA:616,0
DA:618,0
DA:625,0
DA:626,0
DA:629,0
DA:642,1
DA:643,0
DA:647,0
DA:649,0
DA:650,0
DA:652,0
DA:653,0
DA:654,0
DA:655,0
DA:656,0
DA:657,0
DA:658,0
DA:659,0
DA:660,0
DA:662,0
DA:665,0
DA:666,0
DA:669,0
DA:684,1
DA:685,0
DA:689,0
DA:694,1
DA:695,0
DA:696,0
DA:704,1
DA:705,0
DA:710,0
DA:711,0
DA:712,0
DA:723,1
DA:724,0
DA:729,0
DA:730,0
DA:732,0
DA:749,1
DA:750,0
DA:752,0
DA:761,1
DA:762,0
DA:766,0
DA:774,1
DA:775,0
DA:777,0
DA:778,0
DA:779,0
DA:782,0
DA:794,0
DA:795,0
DA:796,0
DA:797,0
DA:799,0
DA:805,1
DA:806,0
DA:808,0
DA:809,0
DA:810,0
DA:814,0
DA:828,1
DA:832,0
DA:833,0
DA:836,0
DA:838,0
DA:839,0
DA:840,0
DA:841,0
DA:843,0
DA:846,0
DA:847,0
DA:848,0
DA:852,1
DA:854,0
DA:856,0
DA:857,0
DA:864,1
DA:865,0
DA:867,0
DA:868,0
DA:872,1
DA:874,0
DA:876,0
DA:877,0
DA:882,1
DA:883,0
DA:885,0
DA:886,0
DA:890,1
DA:891,0
DA:893,0
DA:895,0
DA:896,0
DA:897,0
DA:898,0
DA:899,0
DA:900,0
DA:901,0
DA:902,0
DA:903,0
DA:907,0
DA:917,0
DA:918,0
DA:919,0
DA:922,0
DA:923,0
DA:925,0
DA:926,0
DA:929,0
DA:935,0
DA:942,0
DA:956,0
DA:961,0
DA:967,0
DA:981,0
DA:987,0
DA:993,0
DA:1007,0
DA:1012,0
DA:1019,0
DA:1022,0
DA:1023,0
DA:1024,0
DA:1025,0
DA:1026,0
DA:1031,0
DA:1032,0
DA:1033,0
DA:1038,0
DA:1040,0
DA:1042,0
DA:1045,0
DA:1049,0
DA:1052,0
DA:1054,0
DA:1059,0
DA:1063,0
DA:1066,0
DA:1068,0
DA:1071,0
LF:280
LH:31
BRDA:96,0,0,0
BRDA:96,0,1,0
BRDA:100,1,0,0
BRDA:100,1,1,0
BRDA:115,2,0,0
BRDA:115,2,1,0
BRDA:130,3,0,0
BRDA:130,3,1,0
BRDA:132,4,0,0
BRDA:132,4,1,0
BRDA:133,5,0,0
BRDA:133,5,1,0
BRDA:163,6,0,0
BRDA:163,6,1,0
BRDA:165,7,0,0
BRDA:165,7,1,0
BRDA:232,8,0,0
BRDA:232,8,1,0
BRDA:235,9,0,0
BRDA:235,9,1,0
BRDA:294,10,0,0
BRDA:294,10,1,0
BRDA:295,11,0,0
BRDA:295,11,1,0
BRDA:297,12,0,0
BRDA:297,12,1,0
BRDA:301,13,0,0
BRDA:301,13,1,0
BRDA:305,14,0,0
BRDA:305,14,1,0
BRDA:309,15,0,0
BRDA:309,15,1,0
BRDA:318,16,0,0
BRDA:318,16,1,0
BRDA:319,17,0,0
BRDA:319,17,1,0
BRDA:335,18,0,0
BRDA:335,18,1,0
BRDA:338,19,0,0
BRDA:338,19,1,0
BRDA:339,20,0,0
BRDA:339,20,1,0
BRDA:342,21,0,0
BRDA:342,21,1,0
BRDA:399,22,0,0
BRDA:399,22,1,0
BRDA:399,23,0,0
BRDA:399,23,1,0
BRDA:403,24,0,0
BRDA:403,24,1,0
BRDA:426,25,0,0
BRDA:426,25,1,0
BRDA:457,26,0,0
BRDA:457,26,1,0
BRDA:459,27,0,0
BRDA:459,27,1,0
BRDA:467,28,0,0
BRDA:467,28,1,0
BRDA:469,29,0,0
BRDA:469,29,1,0
BRDA:490,30,0,0
BRDA:490,30,1,0
BRDA:505,31,0,0
BRDA:505,31,1,0
BRDA:520,32,0,0
BRDA:520,32,1,0
BRDA:532,33,0,0
BRDA:532,33,1,0
BRDA:544,34,0,0
BRDA:544,34,1,0
BRDA:607,35,0,0
BRDA:607,35,1,0
BRDA:608,36,0,0
BRDA:608,36,1,0
BRDA:608,36,2,0
BRDA:608,36,3,0
BRDA:618,37,0,0
BRDA:618,37,1,0
BRDA:619,38,0,0
BRDA:619,38,1,0
BRDA:619,38,2,0
BRDA:625,39,0,0
BRDA:625,39,1,0
BRDA:650,40,0,0
BRDA:650,40,1,0
BRDA:650,41,0,0
BRDA:650,41,1,0
BRDA:653,42,0,0
BRDA:653,42,1,0
BRDA:655,43,0,0
BRDA:655,43,1,0
BRDA:656,44,0,0
BRDA:656,44,1,0
BRDA:657,45,0,0
BRDA:657,45,1,0
BRDA:658,46,0,0
BRDA:658,46,1,0
BRDA:659,47,0,0
BRDA:659,47,1,0
BRDA:660,48,0,0
BRDA:660,48,1,0
BRDA:665,49,0,0
BRDA:665,49,1,0
BRDA:665,50,0,0
BRDA:665,50,1,0
BRDA:732,51,0,0
BRDA:732,51,1,0
BRDA:797,52,0,0
BRDA:797,52,1,0
BRDA:838,53,0,0
BRDA:838,53,1,0
BRDA:840,54,0,0
BRDA:840,54,1,0
BRDA:859,55,0,0
BRDA:859,55,1,0
BRDA:868,56,0,0
BRDA:868,56,1,0
BRDA:877,57,0,0
BRDA:877,57,1,0
BRDA:886,58,0,0
BRDA:886,58,1,0
BRDA:893,59,0,0
BRDA:893,59,1,0
BRDA:893,60,0,0
BRDA:893,60,1,0
BRDA:900,61,0,0
BRDA:900,61,1,0
BRDA:901,62,0,0
BRDA:901,62,1,0
BRDA:917,63,0,0
BRDA:917,63,1,0
BRDA:918,64,0,0
BRDA:918,64,1,0
BRDA:918,65,0,0
BRDA:918,65,1,0
BRDA:922,66,0,0
BRDA:922,66,1,0
BRDA:922,67,0,0
BRDA:922,67,1,0
BRDA:925,68,0,0
BRDA:925,68,1,0
BRDA:925,69,0,0
BRDA:925,69,1,0
BRDA:1012,70,0,0
BRDA:1012,70,1,0
BRDA:1022,71,0,0
BRDA:1022,71,1,0
BRDA:1023,72,0,0
BRDA:1023,72,1,0
BRDA:1025,73,0,0
BRDA:1025,73,1,0
BRDA:1032,74,0,0
BRDA:1032,74,1,0
BRDA:1038,75,0,0
BRDA:1038,75,1,0
BRDA:1040,76,0,0
BRDA:1040,76,1,0
BRDA:1040,77,0,0
BRDA:1040,77,1,0
BRDA:1045,78,0,0
BRDA:1045,78,1,0
BRDA:1045,79,0,0
BRDA:1045,79,1,0
BRDA:1045,79,2,0
BRDA:1045,79,3,0
BRDA:1052,80,0,0
BRDA:1052,80,1,0
BRDA:1052,81,0,0
BRDA:1052,81,1,0
BRDA:1059,82,0,0
BRDA:1059,82,1,0
BRDA:1059,83,0,0
BRDA:1059,83,1,0
BRDA:1059,83,2,0
BRDA:1059,83,3,0
BRDA:1066,84,0,0
BRDA:1066,84,1,0
BRDA:1066,85,0,0
BRDA:1066,85,1,0
BRF:179
BRH:0
end_of_record
TN:
SF:/Users/admin/Code/geovistory/client/projects/lib-queries/src/lib/queries/services/information-basic-pipes.service.ts
FN:31,(anonymous_0)
FN:201,(anonymous_1)
FN:202,(anonymous_2)
FN:203,(anonymous_3)
FN:206,(anonymous_4)
FN:207,(anonymous_5)
FN:209,(anonymous_6)
FN:210,(anonymous_7)
FN:60,(anonymous_8)
FN:68,(anonymous_9)
FN:76,(anonymous_10)
FN:81,(anonymous_11)
FN:100,(anonymous_12)
FN:112,(anonymous_13)
FN:122,(anonymous_14)
FN:127,(anonymous_15)
FN:128,(anonymous_16)
FN:138,(anonymous_17)
FN:143,(anonymous_18)
FN:144,(anonymous_19)
FN:149,(anonymous_20)
FN:151,(anonymous_21)
FN:152,(anonymous_22)
FN:158,(anonymous_23)
FN:160,(anonymous_24)
FN:165,(anonymous_25)
FN:173,(anonymous_26)
FN:184,(anonymous_27)
FN:227,(anonymous_28)
FN:230,(anonymous_29)
FN:231,(anonymous_30)
FN:234,(anonymous_31)
FN:235,(anonymous_32)
FN:243,(anonymous_33)
FN:245,(anonymous_34)
FN:251,(anonymous_35)
FN:271,(anonymous_36)
FN:278,(anonymous_37)
FN:286,(anonymous_38)
FN:289,(anonymous_39)
FN:289,(anonymous_40)
FN:297,(anonymous_41)
FN:309,(anonymous_42)
FN:312,(anonymous_43)
FN:312,(anonymous_44)
FN:320,(anonymous_45)
FN:333,(anonymous_46)
FN:339,(anonymous_47)
FN:340,(anonymous_48)
FN:361,(anonymous_49)
FN:371,(anonymous_50)
FN:374,(anonymous_51)
FN:375,(anonymous_52)
FN:383,(anonymous_53)
FN:393,(anonymous_54)
FN:396,(anonymous_55)
FN:397,(anonymous_56)
FN:406,(anonymous_57)
FN:408,(anonymous_58)
FN:409,(anonymous_59)
FN:418,(anonymous_60)
FN:421,(anonymous_61)
FN:440,(anonymous_62)
FN:441,(anonymous_63)
FNF:64
FNH:0
FNDA:0,(anonymous_0)
FNDA:0,(anonymous_1)
FNDA:0,(anonymous_2)
FNDA:0,(anonymous_3)
FNDA:0,(anonymous_4)
FNDA:0,(anonymous_5)
FNDA:0,(anonymous_6)
FNDA:0,(anonymous_7)
FNDA:0,(anonymous_8)
FNDA:0,(anonymous_9)
FNDA:0,(anonymous_10)
FNDA:0,(anonymous_11)
FNDA:0,(anonymous_12)
FNDA:0,(anonymous_13)
FNDA:0,(anonymous_14)
FNDA:0,(anonymous_15)
FNDA:0,(anonymous_16)
FNDA:0,(anonymous_17)
FNDA:0,(anonymous_18)
FNDA:0,(anonymous_19)
FNDA:0,(anonymous_20)
FNDA:0,(anonymous_21)
FNDA:0,(anonymous_22)
FNDA:0,(anonymous_23)
FNDA:0,(anonymous_24)
FNDA:0,(anonymous_25)
FNDA:0,(anonymous_26)
FNDA:0,(anonymous_27)
FNDA:0,(anonymous_28)
FNDA:0,(anonymous_29)
FNDA:0,(anonymous_30)
FNDA:0,(anonymous_31)
FNDA:0,(anonymous_32)
FNDA:0,(anonymous_33)
FNDA:0,(anonymous_34)
FNDA:0,(anonymous_35)
FNDA:0,(anonymous_36)
FNDA:0,(anonymous_37)
FNDA:0,(anonymous_38)
FNDA:0,(anonymous_39)
FNDA:0,(anonymous_40)
FNDA:0,(anonymous_41)
FNDA:0,(anonymous_42)
FNDA:0,(anonymous_43)
FNDA:0,(anonymous_44)
FNDA:0,(anonymous_45)
FNDA:0,(anonymous_46)
FNDA:0,(anonymous_47)
FNDA:0,(anonymous_48)
FNDA:0,(anonymous_49)
FNDA:0,(anonymous_50)
FNDA:0,(anonymous_51)
FNDA:0,(anonymous_52)
FNDA:0,(anonymous_53)
FNDA:0,(anonymous_54)
FNDA:0,(anonymous_55)
FNDA:0,(anonymous_56)
FNDA:0,(anonymous_57)
FNDA:0,(anonymous_58)
FNDA:0,(anonymous_59)
FNDA:0,(anonymous_60)
FNDA:0,(anonymous_61)
FNDA:0,(anonymous_62)
FNDA:0,(anonymous_63)
DA:28,1
DA:32,0
DA:33,0
DA:60,1
DA:61,0
DA:68,1
DA:69,0
DA:76,1
DA:77,0
DA:82,0
DA:83,0
DA:89,0
DA:100,1
DA:101,0
DA:112,1
DA:113,0
DA:122,1
DA:123,0
DA:127,0
DA:128,0
DA:138,1
DA:139,0
DA:143,0
DA:144,0
DA:149,1
DA:150,0
DA:151,0
DA:152,0
DA:158,1
DA:159,0
DA:160,0
DA:165,1
DA:166,0
DA:173,1
DA:175,0
DA:184,0
DA:201,0
DA:202,0
DA:204,0
DA:205,0
DA:206,0
DA:207,0
DA:209,0
DA:211,0
DA:216,0
DA:227,1
DA:228,0
DA:230,0
DA:231,0
DA:234,0
DA:235,0
DA:243,1
DA:244,0
DA:246,0
DA:247,0
DA:249,0
DA:250,0
DA:251,0
DA:252,0
DA:253,0
DA:254,0
DA:257,0
DA:271,1
DA:272,0
DA:278,1
DA:279,0
DA:286,1
DA:287,0
DA:289,0
DA:298,0
DA:299,0
DA:300,0
DA:309,1
DA:310,0
DA:312,0
DA:321,0
DA:322,0
DA:323,0
DA:333,1
DA:334,0
DA:339,0
DA:341,0
DA:342,0
DA:344,0
DA:351,0
DA:361,1
DA:362,0
DA:371,0
DA:374,0
DA:375,0
DA:383,1
DA:384,0
DA:393,0
DA:396,0
DA:397,0
DA:406,1
DA:407,0
DA:409,0
DA:410,0
DA:420,0
DA:422,0
DA:423,0
DA:425,0
DA:426,0
DA:427,0
DA:428,0
DA:430,0
DA:441,0
LF:108
LH:22
BRDA:204,0,0,0
BRDA:204,0,1,0
BRDA:212,1,0,0
BRDA:212,1,1,0
BRDA:61,2,0,0
BRDA:61,2,1,0
BRDA:82,3,0,0
BRDA:82,3,1,0
BRDA:153,4,0,0
BRDA:153,4,1,0
BRDA:160,5,0,0
BRDA:160,5,1,0
BRDA:246,6,0,0
BRDA:246,6,1,0
BRDA:246,7,0,0
BRDA:246,7,1,0
BRDA:252,8,0,0
BRDA:252,8,1,0
BRDA:289,9,0,0
BRDA:289,9,1,0
BRDA:298,10,0,0
BRDA:298,10,1,0
BRDA:300,11,0,0
BRDA:300,11,1,0
BRDA:300,12,0,0
BRDA:300,12,1,0
BRDA:312,13,0,0
BRDA:312,13,1,0
BRDA:321,14,0,0
BRDA:321,14,1,0
BRDA:323,15,0,0
BRDA:323,15,1,0
BRDA:323,16,0,0
BRDA:323,16,1,0
BRDA:341,17,0,0
BRDA:341,17,1,0
BRDA:371,18,0,0
BRDA:371,18,1,0
BRDA:393,19,0,0
BRDA:393,19,1,0
BRDA:409,20,0,0
BRDA:409,20,1,0
BRDA:422,21,0,0
BRDA:422,21,1,0
BRDA:425,22,0,0
BRDA:425,22,1,0
BRDA:427,23,0,0
BRDA:427,23,1,0
BRDA:441,24,0,0
BRDA:441,24,1,0
BRF:50
BRH:0
end_of_record
TN:
SF:/Users/admin/Code/geovistory/client/projects/lib-queries/src/lib/queries/services/information-pipes.service.ts
FN:68,(anonymous_0)
FN:85,(anonymous_1)
FN:94,(anonymous_2)
FN:105,(anonymous_3)
FN:108,(anonymous_4)
FN:108,(anonymous_5)
FN:119,(anonymous_6)
FN:129,(anonymous_7)
FN:129,(anonymous_8)
FN:135,(anonymous_9)
FN:145,(anonymous_10)
FN:148,(anonymous_11)
FN:149,(anonymous_12)
FN:151,(anonymous_13)
FN:151,(anonymous_14)
FN:160,(anonymous_15)
FN:165,(anonymous_16)
FN:166,(anonymous_17)
FN:168,(anonymous_18)
FN:168,(anonymous_19)
FN:169,(anonymous_20)
FN:181,(anonymous_21)
FN:185,(anonymous_22)
FN:186,(anonymous_23)
FN:188,(anonymous_24)
FN:188,(anonymous_25)
FN:197,(anonymous_26)
FN:201,(anonymous_27)
FN:202,(anonymous_28)
FN:204,(anonymous_29)
FN:204,(anonymous_30)
FN:213,(anonymous_31)
FN:217,(anonymous_32)
FN:218,(anonymous_33)
FN:220,(anonymous_34)
FN:220,(anonymous_35)
FN:229,(anonymous_36)
FN:233,(anonymous_37)
FN:234,(anonymous_38)
FN:236,(anonymous_39)
FN:236,(anonymous_40)
FN:244,(anonymous_41)
FN:256,(anonymous_42)
FN:265,(anonymous_43)
FN:266,(anonymous_44)
FN:268,(anonymous_45)
FN:269,(anonymous_46)
FN:271,(anonymous_47)
FN:292,(anonymous_48)
FN:303,(anonymous_49)
FN:309,(anonymous_50)
FN:316,(anonymous_51)
FN:325,(anonymous_52)
FN:326,(anonymous_53)
FN:327,(anonymous_54)
FN:331,(anonymous_55)
FN:332,(anonymous_56)
FN:343,(anonymous_57)
FN:363,(anonymous_58)
FN:374,(anonymous_59)
FN:376,(anonymous_60)
FN:377,(anonymous_61)
FN:385,(anonymous_62)
FN:387,(anonymous_63)
FN:388,(anonymous_64)
FN:397,(anonymous_65)
FN:397,(anonymous_66)
FN:398,(anonymous_67)
FN:403,(anonymous_68)
FN:404,(anonymous_69)
FN:405,(anonymous_70)
FN:409,(anonymous_71)
FN:412,(anonymous_72)
FN:415,(anonymous_73)
FN:425,(anonymous_74)
FN:484,(anonymous_75)
FN:488,(anonymous_76)
FN:516,(anonymous_77)
FN:520,(anonymous_78)
FN:524,(anonymous_79)
FN:528,(anonymous_80)
FN:532,(anonymous_81)
FN:536,(anonymous_82)
FN:542,(anonymous_83)
FN:546,(anonymous_84)
FN:547,(anonymous_85)
FN:560,(anonymous_86)
FN:566,(anonymous_87)
FN:577,(anonymous_88)
FN:587,(anonymous_89)
FN:590,(anonymous_90)
FN:594,(anonymous_91)
FN:595,(anonymous_92)
FN:600,(anonymous_93)
FN:601,(anonymous_94)
FN:602,(anonymous_95)
FN:604,(anonymous_96)
FN:622,(anonymous_97)
FN:630,(anonymous_98)
FN:631,(anonymous_99)
FN:646,(anonymous_100)
FN:648,(anonymous_101)
FN:649,(anonymous_102)
FN:662,(anonymous_103)
FN:664,(anonymous_104)
FN:665,(anonymous_105)
FN:678,(anonymous_106)
FN:680,(anonymous_107)
FN:681,(anonymous_108)
FN:694,(anonymous_109)
FN:696,(anonymous_110)
FN:697,(anonymous_111)
FN:700,(anonymous_112)
FN:717,(anonymous_113)
FN:720,(anonymous_114)
FN:724,(anonymous_115)
FN:729,(anonymous_116)
FN:748,(anonymous_117)
FN:751,(anonymous_118)
FN:770,(anonymous_119)
FN:773,(anonymous_120)
FN:774,(anonymous_121)
FN:776,(anonymous_122)
FN:794,(anonymous_123)
FN:795,(anonymous_124)
FN:819,(anonymous_125)
FN:828,(anonymous_126)
FN:836,(anonymous_127)
FN:847,(anonymous_128)
FN:857,(anonymous_129)
FN:863,(anonymous_130)
FN:864,(anonymous_131)
FN:866,(anonymous_132)
FN:867,(anonymous_133)
FN:868,(anonymous_134)
FN:878,(anonymous_135)
FN:882,(anonymous_136)
FN:883,(anonymous_137)
FN:885,(anonymous_138)
FN:885,(anonymous_139)
FN:895,(anonymous_140)
FN:899,(anonymous_141)
FN:900,(anonymous_142)
FN:902,(anonymous_143)
FN:902,(anonymous_144)
FN:912,(anonymous_145)
FN:916,(anonymous_146)
FN:917,(anonymous_147)
FN:919,(anonymous_148)
FN:919,(anonymous_149)
FN:928,(anonymous_150)
FN:932,(anonymous_151)
FN:933,(anonymous_152)
FN:935,(anonymous_153)
FN:935,(anonymous_154)
FN:944,(anonymous_155)
FN:948,(anonymous_156)
FN:949,(anonymous_157)
FN:951,(anonymous_158)
FN:951,(anonymous_159)
FN:969,(anonymous_160)
FN:973,(anonymous_161)
FN:974,(anonymous_162)
FN:976,(anonymous_163)
FN:976,(anonymous_164)
FN:985,(anonymous_165)
FN:989,(anonymous_166)
FN:990,(anonymous_167)
FN:992,(anonymous_168)
FN:992,(anonymous_169)
FN:1001,(anonymous_170)
FN:1005,(anonymous_171)
FN:1006,(anonymous_172)
FN:1008,(anonymous_173)
FN:1008,(anonymous_174)
FN:1017,(anonymous_175)
FN:1021,(anonymous_176)
FN:1022,(anonymous_177)
FN:1024,(anonymous_178)
FN:1024,(anonymous_179)
FN:1032,(anonymous_180)
FN:1038,(anonymous_181)
FN:1039,(anonymous_182)
FN:1041,(anonymous_183)
FN:1041,(anonymous_184)
FN:1054,(anonymous_185)
FN:1056,(anonymous_186)
FN:1060,(anonymous_187)
FN:1062,(anonymous_188)
FN:1065,(anonymous_189)
FN:1066,(anonymous_190)
FN:1068,(anonymous_191)
FN:1086,(anonymous_192)
FN:1095,(anonymous_193)
FN:1098,(anonymous_194)
FN:1116,(anonymous_195)
FN:1120,(anonymous_196)
FN:1122,(anonymous_197)
FN:1124,(anonymous_198)
FN:1127,(anonymous_199)
FN:1128,(anonymous_200)
FN:1142,(anonymous_201)
FN:1144,(anonymous_202)
FN:1151,(anonymous_203)
FN:1153,(anonymous_204)
FN:1161,(anonymous_205)
FN:1171,(anonymous_206)
FN:1173,(anonymous_207)
FN:1179,(anonymous_208)
FN:1181,(anonymous_209)
FN:1187,(anonymous_210)
FN:1189,(anonymous_211)
FN:1190,(anonymous_212)
FN:1194,(anonymous_213)
FN:1195,(anonymous_214)
FN:1197,(anonymous_215)
FN:1198,(anonymous_216)
FN:1199,(anonymous_217)
FN:1205,(anonymous_218)
FN:1207,(anonymous_219)
FN:1217,(anonymous_220)
FN:1225,(anonymous_221)
FN:1230,(anonymous_222)
FN:1231,(anonymous_223)
FN:1234,(anonymous_224)
FN:1238,(anonymous_225)
FN:1240,(anonymous_226)
FN:1245,(anonymous_227)
FN:1246,(anonymous_228)
FN:1247,(anonymous_229)
FN:1248,(anonymous_230)
FN:1250,(anonymous_231)
FN:1251,(anonymous_232)
FN:1252,(anonymous_233)
FN:1258,(anonymous_234)
FN:1261,(anonymous_235)
FN:1271,(anonymous_236)
FN:1275,(anonymous_237)
FN:1289,(anonymous_238)
FN:1293,(anonymous_239)
FN:1300,(anonymous_240)
FN:1304,(anonymous_241)
FN:1306,(anonymous_242)
FN:1312,(anonymous_243)
FN:1319,(anonymous_244)
FN:1322,(anonymous_245)
FN:1325,(anonymous_246)
FN:1327,(anonymous_247)
FN:1328,(anonymous_248)
FN:1329,(anonymous_249)
FN:1341,propertyOptionFieldKey
FNF:251
FNH:0
FNDA:0,(anonymous_0)
FNDA:0,(anonymous_1)
FNDA:0,(anonymous_2)
FNDA:0,(anonymous_3)
FNDA:0,(anonymous_4)
FNDA:0,(anonymous_5)
FNDA:0,(anonymous_6)
FNDA:0,(anonymous_7)
FNDA:0,(anonymous_8)
FNDA:0,(anonymous_9)
FNDA:0,(anonymous_10)
FNDA:0,(anonymous_11)
FNDA:0,(anonymous_12)
FNDA:0,(anonymous_13)
FNDA:0,(anonymous_14)
FNDA:0,(anonymous_15)
FNDA:0,(anonymous_16)
FNDA:0,(anonymous_17)
FNDA:0,(anonymous_18)
FNDA:0,(anonymous_19)
FNDA:0,(anonymous_20)
FNDA:0,(anonymous_21)
FNDA:0,(anonymous_22)
FNDA:0,(anonymous_23)
FNDA:0,(anonymous_24)
FNDA:0,(anonymous_25)
FNDA:0,(anonymous_26)
FNDA:0,(anonymous_27)
FNDA:0,(anonymous_28)
FNDA:0,(anonymous_29)
FNDA:0,(anonymous_30)
FNDA:0,(anonymous_31)
FNDA:0,(anonymous_32)
FNDA:0,(anonymous_33)
FNDA:0,(anonymous_34)
FNDA:0,(anonymous_35)
FNDA:0,(anonymous_36)
FNDA:0,(anonymous_37)
FNDA:0,(anonymous_38)
FNDA:0,(anonymous_39)
FNDA:0,(anonymous_40)
FNDA:0,(anonymous_41)
FNDA:0,(anonymous_42)
FNDA:0,(anonymous_43)
FNDA:0,(anonymous_44)
FNDA:0,(anonymous_45)
FNDA:0,(anonymous_46)
FNDA:0,(anonymous_47)
FNDA:0,(anonymous_48)
FNDA:0,(anonymous_49)
FNDA:0,(anonymous_50)
FNDA:0,(anonymous_51)
FNDA:0,(anonymous_52)
FNDA:0,(anonymous_53)
FNDA:0,(anonymous_54)
FNDA:0,(anonymous_55)
FNDA:0,(anonymous_56)
FNDA:0,(anonymous_57)
FNDA:0,(anonymous_58)
FNDA:0,(anonymous_59)
FNDA:0,(anonymous_60)
FNDA:0,(anonymous_61)
FNDA:0,(anonymous_62)
FNDA:0,(anonymous_63)
FNDA:0,(anonymous_64)
FNDA:0,(anonymous_65)
FNDA:0,(anonymous_66)
FNDA:0,(anonymous_67)
FNDA:0,(anonymous_68)
FNDA:0,(anonymous_69)
FNDA:0,(anonymous_70)
FNDA:0,(anonymous_71)
FNDA:0,(anonymous_72)
FNDA:0,(anonymous_73)
FNDA:0,(anonymous_74)
FNDA:0,(anonymous_75)
FNDA:0,(anonymous_76)
FNDA:0,(anonymous_77)
FNDA:0,(anonymous_78)
FNDA:0,(anonymous_79)
FNDA:0,(anonymous_80)
FNDA:0,(anonymous_81)
FNDA:0,(anonymous_82)
FNDA:0,(anonymous_83)
FNDA:0,(anonymous_84)
FNDA:0,(anonymous_85)
FNDA:0,(anonymous_86)
FNDA:0,(anonymous_87)
FNDA:0,(anonymous_88)
FNDA:0,(anonymous_89)
FNDA:0,(anonymous_90)
FNDA:0,(anonymous_91)
FNDA:0,(anonymous_92)
FNDA:0,(anonymous_93)
FNDA:0,(anonymous_94)
FNDA:0,(anonymous_95)
FNDA:0,(anonymous_96)
FNDA:0,(anonymous_97)
FNDA:0,(anonymous_98)
FNDA:0,(anonymous_99)
FNDA:0,(anonymous_100)
FNDA:0,(anonymous_101)
FNDA:0,(anonymous_102)
FNDA:0,(anonymous_103)
FNDA:0,(anonymous_104)
FNDA:0,(anonymous_105)
FNDA:0,(anonymous_106)
FNDA:0,(anonymous_107)
FNDA:0,(anonymous_108)
FNDA:0,(anonymous_109)
FNDA:0,(anonymous_110)
FNDA:0,(anonymous_111)
FNDA:0,(anonymous_112)
FNDA:0,(anonymous_113)
FNDA:0,(anonymous_114)
FNDA:0,(anonymous_115)
FNDA:0,(anonymous_116)
FNDA:0,(anonymous_117)
FNDA:0,(anonymous_118)
FNDA:0,(anonymous_119)
FNDA:0,(anonymous_120)
FNDA:0,(anonymous_121)
FNDA:0,(anonymous_122)
FNDA:0,(anonymous_123)
FNDA:0,(anonymous_124)
FNDA:0,(anonymous_125)
FNDA:0,(anonymous_126)
FNDA:0,(anonymous_127)
FNDA:0,(anonymous_128)
FNDA:0,(anonymous_129)
FNDA:0,(anonymous_130)
FNDA:0,(anonymous_131)
FNDA:0,(anonymous_132)
FNDA:0,(anonymous_133)
FNDA:0,(anonymous_134)
FNDA:0,(anonymous_135)
FNDA:0,(anonymous_136)
FNDA:0,(anonymous_137)
FNDA:0,(anonymous_138)
FNDA:0,(anonymous_139)
FNDA:0,(anonymous_140)
FNDA:0,(anonymous_141)
FNDA:0,(anonymous_142)
FNDA:0,(anonymous_143)
FNDA:0,(anonymous_144)
FNDA:0,(anonymous_145)
FNDA:0,(anonymous_146)
FNDA:0,(anonymous_147)
FNDA:0,(anonymous_148)
FNDA:0,(anonymous_149)
FNDA:0,(anonymous_150)
FNDA:0,(anonymous_151)
FNDA:0,(anonymous_152)
FNDA:0,(anonymous_153)
FNDA:0,(anonymous_154)
FNDA:0,(anonymous_155)
FNDA:0,(anonymous_156)
FNDA:0,(anonymous_157)
FNDA:0,(anonymous_158)
FNDA:0,(anonymous_159)
FNDA:0,(anonymous_160)
FNDA:0,(anonymous_161)
FNDA:0,(anonymous_162)
FNDA:0,(anonymous_163)
FNDA:0,(anonymous_164)
FNDA:0,(anonymous_165)
FNDA:0,(anonymous_166)
FNDA:0,(anonymous_167)
FNDA:0,(anonymous_168)
FNDA:0,(anonymous_169)
FNDA:0,(anonymous_170)
FNDA:0,(anonymous_171)
FNDA:0,(anonymous_172)
FNDA:0,(anonymous_173)
FNDA:0,(anonymous_174)
FNDA:0,(anonymous_175)
FNDA:0,(anonymous_176)
FNDA:0,(anonymous_177)
FNDA:0,(anonymous_178)
FNDA:0,(anonymous_179)
FNDA:0,(anonymous_180)
FNDA:0,(anonymous_181)
FNDA:0,(anonymous_182)
FNDA:0,(anonymous_183)
FNDA:0,(anonymous_184)
FNDA:0,(anonymous_185)
FNDA:0,(anonymous_186)
FNDA:0,(anonymous_187)
FNDA:0,(anonymous_188)
FNDA:0,(anonymous_189)
FNDA:0,(anonymous_190)
FNDA:0,(anonymous_191)
FNDA:0,(anonymous_192)
FNDA:0,(anonymous_193)
FNDA:0,(anonymous_194)
FNDA:0,(anonymous_195)
FNDA:0,(anonymous_196)
FNDA:0,(anonymous_197)
FNDA:0,(anonymous_198)
FNDA:0,(anonymous_199)
FNDA:0,(anonymous_200)
FNDA:0,(anonymous_201)
FNDA:0,(anonymous_202)
FNDA:0,(anonymous_203)
FNDA:0,(anonymous_204)
FNDA:0,(anonymous_205)
FNDA:0,(anonymous_206)
FNDA:0,(anonymous_207)
FNDA:0,(anonymous_208)
FNDA:0,(anonymous_209)
FNDA:0,(anonymous_210)
FNDA:0,(anonymous_211)
FNDA:0,(anonymous_212)
FNDA:0,(anonymous_213)
FNDA:0,(anonymous_214)
FNDA:0,(anonymous_215)
FNDA:0,(anonymous_216)
FNDA:0,(anonymous_217)
FNDA:0,(anonymous_218)
FNDA:0,(anonymous_219)
FNDA:0,(anonymous_220)
FNDA:0,(anonymous_221)
FNDA:0,(anonymous_222)
FNDA:0,(anonymous_223)
FNDA:0,(anonymous_224)
FNDA:0,(anonymous_225)
FNDA:0,(anonymous_226)
FNDA:0,(anonymous_227)
FNDA:0,(anonymous_228)
FNDA:0,(anonymous_229)
FNDA:0,(anonymous_230)
FNDA:0,(anonymous_231)
FNDA:0,(anonymous_232)
FNDA:0,(anonymous_233)
FNDA:0,(anonymous_234)
FNDA:0,(anonymous_235)
FNDA:0,(anonymous_236)
FNDA:0,(anonymous_237)
FNDA:0,(anonymous_238)
FNDA:0,(anonymous_239)
FNDA:0,(anonymous_240)
FNDA:0,(anonymous_241)
FNDA:0,(anonymous_242)
FNDA:0,(anonymous_243)
FNDA:0,(anonymous_244)
FNDA:0,(anonymous_245)
FNDA:0,(anonymous_246)
FNDA:0,(anonymous_247)
FNDA:0,(anonymous_248)
FNDA:0,(anonymous_249)
FNDA:0,propertyOptionFieldKey
DA:64,1
DA:69,0
DA:70,0
DA:71,0
DA:72,0
DA:73,0
DA:74,0
DA:77,0
DA:85,1
DA:86,0
DA:94,0
DA:97,0
DA:108,0
DA:114,0
DA:115,0
DA:119,1
DA:120,0
DA:121,0
DA:122,0
DA:123,0
DA:124,0
DA:125,0
DA:126,0
DA:127,0
DA:128,0
DA:129,0
DA:132,0
DA:135,1
DA:136,0
DA:145,1
DA:146,0
DA:149,0
DA:151,0
DA:160,1
DA:162,0
DA:166,0
DA:168,0
DA:169,0
DA:181,1
DA:183,0
DA:186,0
DA:188,0
DA:197,1
DA:199,0
DA:202,0
DA:204,0
DA:213,1
DA:215,0
DA:218,0
DA:220,0
DA:229,1
DA:231,0
DA:234,0
DA:236,0
DA:253,0
DA:256,0
DA:257,0
DA:262,0
DA:264,0
DA:265,0
DA:266,0
DA:268,0
DA:269,0
DA:272,0
DA:277,0
DA:292,1
DA:303,0
DA:306,0
DA:309,0
DA:310,0
DA:316,0
DA:317,0
DA:322,0
DA:324,0
DA:325,0
DA:326,0
DA:327,0
DA:331,0
DA:333,0
DA:334,0
DA:344,0
DA:350,0
DA:358,0
DA:363,1
DA:366,0
DA:368,0
DA:373,0
DA:374,0
DA:376,0
DA:378,0
DA:379,0
DA:384,0
DA:385,0
DA:387,0
DA:389,0
DA:390,0
DA:396,0
DA:397,0
DA:398,0
DA:401,0
DA:404,0
DA:405,0
DA:406,0
DA:410,0
DA:412,0
DA:415,0
DA:416,0
DA:418,0
DA:419,0
DA:420,0
DA:423,0
DA:424,0
DA:425,0
DA:426,0
DA:427,0
DA:429,0
DA:439,0
DA:440,0
DA:441,0
DA:442,0
DA:443,0
DA:454,0
DA:455,0
DA:456,0
DA:457,0
DA:473,0
DA:475,0
DA:484,1
DA:486,0
DA:487,0
DA:489,0
DA:490,0
DA:492,0
DA:494,0
DA:496,0
DA:498,0
DA:500,0
DA:502,0
DA:504,0
DA:505,0
DA:516,1
DA:518,0
DA:519,0
DA:520,0
DA:522,0
DA:523,0
DA:524,0
DA:526,0
DA:527,0
DA:528,0
DA:530,0
DA:531,0
DA:532,0
DA:534,0
DA:535,0
DA:536,0
DA:540,0
DA:541,0
DA:542,0
DA:544,0
DA:545,0
DA:547,0
DA:551,0
DA:557,0
DA:560,1
DA:561,0
DA:567,0
DA:572,0
DA:578,0
DA:587,1
DA:589,0
DA:591,0
DA:595,0
DA:600,0
DA:601,0
DA:602,0
DA:605,0
DA:610,0
DA:618,0
DA:623,0
DA:626,0
DA:631,0
DA:632,0
DA:636,0
DA:646,1
DA:647,0
DA:648,0
DA:650,0
DA:651,0
DA:658,0
DA:662,1
DA:663,0
DA:664,0
DA:666,0
DA:667,0
DA:674,0
DA:678,1
DA:679,0
DA:680,0
DA:682,0
DA:683,0
DA:690,0
DA:694,1
DA:695,0
DA:696,0
DA:698,0
DA:702,0
DA:709,0
DA:717,1
DA:718,0
DA:721,0
DA:722,0
DA:725,0
DA:726,0
DA:727,0
DA:728,0
DA:729,0
DA:731,0
DA:740,0
DA:748,1
DA:749,0
DA:752,0
DA:753,0
DA:755,0
DA:763,0
DA:770,1
DA:771,0
DA:772,0
DA:773,0
DA:774,0
DA:777,0
DA:778,0
DA:783,0
DA:791,0
DA:794,0
DA:796,0
DA:801,0
DA:809,0
DA:819,1
DA:820,0
DA:828,0
DA:831,0
DA:832,0
DA:836,1
DA:837,0
DA:838,0
DA:839,0
DA:840,0
DA:841,0
DA:842,0
DA:843,0
DA:844,0
DA:847,1
DA:848,0
DA:857,1
DA:859,0
DA:864,0
DA:866,0
DA:867,0
DA:868,0
DA:878,1
DA:880,0
DA:881,0
DA:883,0
DA:885,0
DA:895,1
DA:897,0
DA:898,0
DA:900,0
DA:902,0
DA:912,1
DA:914,0
DA:915,0
DA:917,0
DA:919,0
DA:928,1
DA:930,0
DA:931,0
DA:933,0
DA:935,0
DA:944,1
DA:946,0
DA:947,0
DA:949,0
DA:951,0
DA:969,1
DA:971,0
DA:972,0
DA:974,0
DA:976,0
DA:985,1
DA:987,0
DA:988,0
DA:990,0
DA:992,0
DA:1001,1
DA:1003,0
DA:1004,0
DA:1006,0
DA:1008,0
DA:1017,1
DA:1019,0
DA:1020,0
DA:1022,0
DA:1024,0
DA:1032,1
DA:1034,0
DA:1039,0
DA:1041,0
DA:1054,1
DA:1055,0
DA:1057,0
DA:1062,0
DA:1063,0
DA:1065,0
DA:1067,0
DA:1069,0
DA:1074,0
DA:1082,0
DA:1087,0
DA:1090,0
DA:1096,0
DA:1098,0
DA:1100,0
DA:1116,1
DA:1117,0
DA:1120,0
DA:1122,0
DA:1124,0
DA:1128,0
DA:1129,0
DA:1130,0
DA:1132,0
DA:1142,1
DA:1143,0
DA:1144,0
DA:1151,1
DA:1152,0
DA:1153,0
DA:1154,0
DA:1155,0
DA:1160,0
DA:1162,0
DA:1163,0
DA:1171,1
DA:1172,0
DA:1173,0
DA:1179,1
DA:1180,0
DA:1181,0
DA:1187,1
DA:1188,0
DA:1189,0
DA:1190,0
DA:1194,0
DA:1195,0
DA:1197,0
DA:1198,0
DA:1199,0
DA:1205,0
DA:1208,0
DA:1209,0
DA:1217,0
DA:1226,0
DA:1230,0
DA:1231,0
DA:1233,0
DA:1234,0
DA:1239,0
DA:1240,0
DA:1245,1
DA:1246,0
DA:1247,0
DA:1248,0
DA:1250,0
DA:1251,0
DA:1252,0
DA:1259,0
DA:1261,0
DA:1262,0
DA:1271,0
DA:1276,0
DA:1277,0
DA:1283,0
DA:1289,0
DA:1293,1
DA:1294,0
DA:1300,0
DA:1305,0
DA:1306,0
DA:1312,0
DA:1320,0
DA:1323,0
DA:1325,0
DA:1327,0
DA:1328,0
DA:1330,0
DA:1331,0
DA:1342,0
LF:399
LH:46
BRDA:87,0,0,0
BRDA:87,0,1,0
BRDA:87,0,2,0
BRDA:87,0,3,0
BRDA:87,0,4,0
BRDA:87,0,5,0
BRDA:87,0,6,0
BRDA:87,0,7,0
BRDA:87,0,8,0
BRDA:120,1,0,0
BRDA:120,1,1,0
BRDA:121,2,0,0
BRDA:121,2,1,0
BRDA:122,3,0,0
BRDA:122,3,1,0
BRDA:123,4,0,0
BRDA:123,4,1,0
BRDA:124,5,0,0
BRDA:124,5,1,0
BRDA:125,6,0,0
BRDA:125,6,1,0
BRDA:126,7,0,0
BRDA:126,7,1,0
BRDA:127,8,0,0
BRDA:127,8,1,0
BRDA:137,9,0,0
BRDA:137,9,1,0
BRDA:151,10,0,0
BRDA:151,10,1,0
BRDA:168,11,0,0
BRDA:168,11,1,0
BRDA:169,12,0,0
BRDA:169,12,1,0
BRDA:188,13,0,0
BRDA:188,13,1,0
BRDA:204,14,0,0
BRDA:204,14,1,0
BRDA:220,15,0,0
BRDA:220,15,1,0
BRDA:236,16,0,0
BRDA:236,16,1,0
BRDA:250,17,0,0
BRDA:253,18,0,0
BRDA:253,18,1,0
BRDA:258,19,0,0
BRDA:258,19,1,0
BRDA:269,20,0,0
BRDA:269,20,1,0
BRDA:299,21,0,0
BRDA:303,22,0,0
BRDA:303,22,1,0
BRDA:306,23,0,0
BRDA:306,23,1,0
BRDA:311,24,0,0
BRDA:311,24,1,0
BRDA:318,25,0,0
BRDA:318,25,1,0
BRDA:366,26,0,0
BRDA:366,26,1,0
BRDA:368,27,0,0
BRDA:368,27,1,0
BRDA:397,28,0,0
BRDA:397,28,1,0
BRDA:397,29,0,0
BRDA:397,29,1,0
BRDA:404,30,0,0
BRDA:404,30,1,0
BRDA:404,31,0,0
BRDA:404,31,1,0
BRDA:405,32,0,0
BRDA:405,32,1,0
BRDA:405,33,0,0
BRDA:405,33,1,0
BRDA:416,34,0,0
BRDA:416,34,1,0
BRDA:423,35,0,0
BRDA:423,35,1,0
BRDA:439,36,0,0
BRDA:439,36,1,0
BRDA:440,37,0,0
BRDA:440,37,1,0
BRDA:446,38,0,0
BRDA:446,38,1,0
BRDA:454,39,0,0
BRDA:454,39,1,0
BRDA:460,40,0,0
BRDA:460,40,1,0
BRDA:486,41,0,0
BRDA:486,41,1,0
BRDA:489,42,0,0
BRDA:489,42,1,0
BRDA:491,43,0,0
BRDA:491,43,1,0
BRDA:491,43,2,0
BRDA:491,43,3,0
BRDA:491,43,4,0
BRDA:491,43,5,0
BRDA:491,43,6,0
BRDA:518,44,0,0
BRDA:518,44,1,0
BRDA:522,45,0,0
BRDA:522,45,1,0
BRDA:526,46,0,0
BRDA:526,46,1,0
BRDA:530,47,0,0
BRDA:530,47,1,0
BRDA:534,48,0,0
BRDA:534,48,1,0
BRDA:540,49,0,0
BRDA:540,49,1,0
BRDA:540,50,0,0
BRDA:540,50,1,0
BRDA:544,51,0,0
BRDA:544,51,1,0
BRDA:547,52,0,0
BRDA:547,52,1,0
BRDA:607,53,0,0
BRDA:607,53,1,0
BRDA:650,54,0,0
BRDA:650,54,1,0
BRDA:666,55,0,0
BRDA:666,55,1,0
BRDA:682,56,0,0
BRDA:682,56,1,0
BRDA:721,57,0,0
BRDA:721,57,1,0
BRDA:725,58,0,0
BRDA:725,58,1,0
BRDA:727,59,0,0
BRDA:727,59,1,0
BRDA:728,60,0,0
BRDA:728,60,1,0
BRDA:728,61,0,0
BRDA:728,61,1,0
BRDA:728,61,2,0
BRDA:749,62,0,0
BRDA:749,62,1,0
BRDA:752,63,0,0
BRDA:752,63,1,0
BRDA:760,64,0,0
BRDA:760,64,1,0
BRDA:771,65,0,0
BRDA:771,65,1,0
BRDA:777,66,0,0
BRDA:777,66,1,0
BRDA:780,67,0,0
BRDA:780,67,1,0
BRDA:798,68,0,0
BRDA:798,68,1,0
BRDA:821,69,0,0
BRDA:821,69,1,0
BRDA:821,69,2,0
BRDA:821,69,3,0
BRDA:821,69,4,0
BRDA:821,69,5,0
BRDA:821,69,6,0
BRDA:821,69,7,0
BRDA:837,70,0,0
BRDA:837,70,1,0
BRDA:838,71,0,0
BRDA:838,71,1,0
BRDA:839,72,0,0
BRDA:839,72,1,0
BRDA:840,73,0,0
BRDA:840,73,1,0
BRDA:841,74,0,0
BRDA:841,74,1,0
BRDA:842,75,0,0
BRDA:842,75,1,0
BRDA:843,76,0,0
BRDA:843,76,1,0
BRDA:849,77,0,0
BRDA:849,77,1,0
BRDA:860,78,0,0
BRDA:860,78,1,0
BRDA:868,79,0,0
BRDA:868,79,1,0
BRDA:880,80,0,0
BRDA:880,80,1,0
BRDA:885,81,0,0
BRDA:885,81,1,0
BRDA:897,82,0,0
BRDA:897,82,1,0
BRDA:902,83,0,0
BRDA:902,83,1,0
BRDA:914,84,0,0
BRDA:914,84,1,0
BRDA:919,85,0,0
BRDA:919,85,1,0
BRDA:930,86,0,0
BRDA:930,86,1,0
BRDA:935,87,0,0
BRDA:935,87,1,0
BRDA:946,88,0,0
BRDA:946,88,1,0
BRDA:951,89,0,0
BRDA:951,89,1,0
BRDA:971,90,0,0
BRDA:971,90,1,0
BRDA:976,91,0,0
BRDA:976,91,1,0
BRDA:987,92,0,0
BRDA:987,92,1,0
BRDA:992,93,0,0
BRDA:992,93,1,0
BRDA:1003,94,0,0
BRDA:1003,94,1,0
BRDA:1008,95,0,0
BRDA:1008,95,1,0
BRDA:1019,96,0,0
BRDA:1019,96,1,0
BRDA:1024,97,0,0
BRDA:1024,97,1,0
BRDA:1035,98,0,0
BRDA:1035,98,1,0
BRDA:1041,99,0,0
BRDA:1041,99,1,0
BRDA:1071,100,0,0
BRDA:1071,100,1,0
BRDA:1124,101,0,0
BRDA:1124,101,1,0
BRDA:1123,102,0,0
BRDA:1123,102,1,0
BRDA:1129,103,0,0
BRDA:1129,103,1,0
BRDA:1129,104,0,0
BRDA:1129,104,1,0
BRDA:1152,105,0,0
BRDA:1152,105,1,0
BRDA:1154,106,0,0
BRDA:1154,106,1,0
BRDA:1154,107,0,0
BRDA:1154,107,1,0
BRDA:1162,108,0,0
BRDA:1162,108,1,0
BRDA:1162,109,0,0
BRDA:1162,109,1,0
BRDA:1227,110,0,0
BRDA:1227,110,1,0
BRDA:1226,111,0,0
BRDA:1226,111,1,0
BRDA:1226,111,2,0
BRDA:1234,112,0,0
BRDA:1234,112,1,0
BRDA:1234,113,0,0
BRDA:1234,113,1,0
BRDA:1254,114,0,0
BRDA:1254,114,1,0
BRDA:1255,115,0,0
BRDA:1255,115,1,0
BRDA:1259,116,0,0
BRDA:1259,116,1,0
BRDA:1325,117,0,0
BRDA:1325,117,1,0
BRDA:1330,118,0,0
BRDA:1330,118,1,0
BRDA:1342,119,0,0
BRDA:1342,119,1,0
BRF:258
BRH:0
end_of_record
TN:
SF:/Users/admin/Code/geovistory/client/projects/lib-queries/src/lib/queries/services/schema-selectors.service.ts
FN:29,(anonymous_0)
FN:38,(anonymous_1)
FN:39,(anonymous_2)
FNF:3
FNH:0
FNDA:0,(anonymous_0)
FNDA:0,(anonymous_1)
FNDA:0,(anonymous_2)
DA:26,1
DA:31,0
DA:32,0
DA:33,0
DA:34,0
DA:35,0
DA:37,0
DA:38,0
DA:40,0
DA:43,0
LF:10
LH:1
BRF:0
BRH:0
end_of_record
TN:
SF:/Users/admin/Code/geovistory/client/projects/lib-queries/src/lib/queries/services/should-pause.service.ts
FN:9,(anonymous_0)
FNF:1
FNH:1
FNDA:15,(anonymous_0)
DA:7,1
DA:8,15
LF:2
LH:2
BRF:0
BRH:0
end_of_record
